2017-11-18 23:44:24 DEBUG logging:38 - Logging Provider: org.jboss.logging.Log4jLoggerProvider
2017-11-18 23:44:24 INFO  LogHelper:31 - HHH000204: Processing PersistenceUnitInfo [
	name: hibernate-dynamic
	...]
2017-11-18 23:44:24 INFO  Version:37 - HHH000412: Hibernate Core {5.2.0.Final}
2017-11-18 23:44:24 INFO  Environment:213 - HHH000206: hibernate.properties not found
2017-11-18 23:44:24 INFO  Environment:318 - HHH000021: Bytecode provider name : javassist
2017-11-18 23:44:24 INFO  Version:66 - HCANN000001: Hibernate Commons Annotations {5.0.1.Final}
2017-11-18 23:44:25 WARN  connections:71 - HHH10001002: Using Hibernate built-in connection pool (not for production use!)
2017-11-18 23:44:25 INFO  connections:127 - HHH10001005: using driver [org.postgresql.Driver] at URL [jdbc:postgresql://psql.wmi.amu.edu.pl/dbad_s426206?ssl=true&sslfactory=org.postgresql.ssl.NonValidatingFactory]
2017-11-18 23:44:25 INFO  connections:136 - HHH10001001: Connection properties: {user=s426206, password=****}
2017-11-18 23:44:25 INFO  connections:141 - HHH10001003: Autocommit mode: false
2017-11-18 23:44:25 INFO  DriverManagerConnectionProviderImpl:39 - HHH000115: Hibernate connection pool size: 20 (min=1)
2017-11-18 23:44:25 INFO  Dialect:152 - HHH000400: Using dialect: org.hibernate.dialect.PostgreSQLDialect
2017-11-18 23:44:25 INFO  LobCreatorBuilderImpl:124 - HHH000424: Disabling contextual LOB creation as createClob() method threw error : java.lang.reflect.InvocationTargetException
2017-11-18 23:44:25 INFO  BasicTypeRegistry:147 - HHH000270: Type registration [java.util.UUID] overrides previous : org.hibernate.type.UUIDBinaryType@465232e9
2017-11-18 23:45:32 DEBUG logging:38 - Logging Provider: org.jboss.logging.Log4jLoggerProvider
2017-11-18 23:45:33 INFO  LogHelper:31 - HHH000204: Processing PersistenceUnitInfo [
	name: hibernate-dynamic
	...]
2017-11-18 23:45:33 INFO  Version:37 - HHH000412: Hibernate Core {5.2.0.Final}
2017-11-18 23:45:33 INFO  Environment:213 - HHH000206: hibernate.properties not found
2017-11-18 23:45:33 INFO  Environment:318 - HHH000021: Bytecode provider name : javassist
2017-11-18 23:45:33 INFO  Version:66 - HCANN000001: Hibernate Commons Annotations {5.0.1.Final}
2017-11-18 23:45:33 WARN  connections:71 - HHH10001002: Using Hibernate built-in connection pool (not for production use!)
2017-11-18 23:45:33 INFO  connections:127 - HHH10001005: using driver [org.postgresql.Driver] at URL [jdbc:postgresql://psql.wmi.amu.edu.pl/dbad_s426206?ssl=true&sslfactory=org.postgresql.ssl.NonValidatingFactory]
2017-11-18 23:45:33 INFO  connections:136 - HHH10001001: Connection properties: {user=s426206, password=****}
2017-11-18 23:45:33 INFO  connections:141 - HHH10001003: Autocommit mode: false
2017-11-18 23:45:33 INFO  DriverManagerConnectionProviderImpl:39 - HHH000115: Hibernate connection pool size: 20 (min=1)
2017-11-18 23:45:34 INFO  Dialect:152 - HHH000400: Using dialect: org.hibernate.dialect.PostgreSQLDialect
2017-11-18 23:45:34 INFO  LobCreatorBuilderImpl:124 - HHH000424: Disabling contextual LOB creation as createClob() method threw error : java.lang.reflect.InvocationTargetException
2017-11-18 23:45:34 INFO  BasicTypeRegistry:147 - HHH000270: Type registration [java.util.UUID] overrides previous : org.hibernate.type.UUIDBinaryType@465232e9
2017-11-18 23:46:48 DEBUG logging:38 - Logging Provider: org.jboss.logging.Log4jLoggerProvider
2017-11-18 23:46:48 INFO  LogHelper:31 - HHH000204: Processing PersistenceUnitInfo [
	name: hibernate-dynamic
	...]
2017-11-18 23:46:48 INFO  Version:37 - HHH000412: Hibernate Core {5.2.0.Final}
2017-11-18 23:46:48 INFO  Environment:213 - HHH000206: hibernate.properties not found
2017-11-18 23:46:48 INFO  Environment:318 - HHH000021: Bytecode provider name : javassist
2017-11-18 23:46:48 INFO  Version:66 - HCANN000001: Hibernate Commons Annotations {5.0.1.Final}
2017-11-18 23:46:49 WARN  connections:71 - HHH10001002: Using Hibernate built-in connection pool (not for production use!)
2017-11-18 23:46:49 INFO  connections:127 - HHH10001005: using driver [org.postgresql.Driver] at URL [jdbc:postgresql://psql.wmi.amu.edu.pl/dbad_s426206?ssl=true&sslfactory=org.postgresql.ssl.NonValidatingFactory]
2017-11-18 23:46:49 INFO  connections:136 - HHH10001001: Connection properties: {user=s426206, password=****}
2017-11-18 23:46:49 INFO  connections:141 - HHH10001003: Autocommit mode: false
2017-11-18 23:46:49 INFO  DriverManagerConnectionProviderImpl:39 - HHH000115: Hibernate connection pool size: 20 (min=1)
2017-11-18 23:46:49 INFO  Dialect:152 - HHH000400: Using dialect: org.hibernate.dialect.PostgreSQLDialect
2017-11-18 23:46:49 INFO  LobCreatorBuilderImpl:124 - HHH000424: Disabling contextual LOB creation as createClob() method threw error : java.lang.reflect.InvocationTargetException
2017-11-18 23:46:49 INFO  BasicTypeRegistry:147 - HHH000270: Type registration [java.util.UUID] overrides previous : org.hibernate.type.UUIDBinaryType@14bdbc74
2017-11-18 23:46:50 INFO  Version:17 - HV000001: Hibernate Validator 5.2.0.Final
2017-11-18 23:46:51 WARN  ExceptionHandlerLoggedImpl:27 - GenerationTarget encountered exception accepting command : Unable to execute command [alter table Passwords drop constraint FKlokedk7rlscsla2m53e0xxc1p]
org.hibernate.tool.schema.spi.CommandAcceptanceException: Unable to execute command [alter table Passwords drop constraint FKlokedk7rlscsla2m53e0xxc1p]
	at org.hibernate.tool.schema.internal.exec.GenerationTargetToDatabase.accept(GenerationTargetToDatabase.java:63)
	at org.hibernate.tool.schema.internal.SchemaDropperImpl.applySqlString(SchemaDropperImpl.java:370)
	at org.hibernate.tool.schema.internal.SchemaDropperImpl.applySqlStrings(SchemaDropperImpl.java:355)
	at org.hibernate.tool.schema.internal.SchemaDropperImpl.applyConstraintDropping(SchemaDropperImpl.java:327)
	at org.hibernate.tool.schema.internal.SchemaDropperImpl.dropFromMetadata(SchemaDropperImpl.java:229)
	at org.hibernate.tool.schema.internal.SchemaDropperImpl.performDrop(SchemaDropperImpl.java:153)
	at org.hibernate.tool.schema.internal.SchemaDropperImpl.doDrop(SchemaDropperImpl.java:125)
	at org.hibernate.tool.schema.internal.SchemaDropperImpl.doDrop(SchemaDropperImpl.java:111)
	at org.hibernate.tool.schema.spi.SchemaManagementToolCoordinator.performDatabaseAction(SchemaManagementToolCoordinator.java:137)
	at org.hibernate.tool.schema.spi.SchemaManagementToolCoordinator.process(SchemaManagementToolCoordinator.java:65)
	at org.hibernate.internal.SessionFactoryImpl.<init>(SessionFactoryImpl.java:308)
	at org.hibernate.boot.internal.SessionFactoryBuilderImpl.build(SessionFactoryBuilderImpl.java:476)
	at org.hibernate.jpa.boot.internal.EntityManagerFactoryBuilderImpl.build(EntityManagerFactoryBuilderImpl.java:888)
	at org.hibernate.jpa.HibernatePersistenceProvider.createEntityManagerFactory(HibernatePersistenceProvider.java:58)
	at javax.persistence.Persistence.createEntityManagerFactory(Persistence.java:55)
	at javax.persistence.Persistence.createEntityManagerFactory(Persistence.java:39)
	at Hibernate.Manager.main(Manager.java:18)
Caused by: org.postgresql.util.PSQLException: ERROR: relation "passwords" does not exist
	at org.postgresql.core.v3.QueryExecutorImpl.receiveErrorResponse(QueryExecutorImpl.java:2476)
	at org.postgresql.core.v3.QueryExecutorImpl.processResults(QueryExecutorImpl.java:2189)
	at org.postgresql.core.v3.QueryExecutorImpl.execute(QueryExecutorImpl.java:300)
	at org.postgresql.jdbc.PgStatement.executeInternal(PgStatement.java:428)
	at org.postgresql.jdbc.PgStatement.execute(PgStatement.java:354)
	at org.postgresql.jdbc.PgStatement.executeWithFlags(PgStatement.java:301)
	at org.postgresql.jdbc.PgStatement.executeCachedSql(PgStatement.java:287)
	at org.postgresql.jdbc.PgStatement.executeWithFlags(PgStatement.java:264)
	at org.postgresql.jdbc.PgStatement.execute(PgStatement.java:260)
	at org.hibernate.tool.schema.internal.exec.GenerationTargetToDatabase.accept(GenerationTargetToDatabase.java:51)
	... 16 more
2017-11-18 23:46:51 WARN  SqlExceptionHelper:217 - SQL Warning Code: 0, SQLState: 00000
2017-11-18 23:46:51 WARN  SqlExceptionHelper:218 - table "business" does not exist, skipping
2017-11-18 23:46:51 WARN  SqlExceptionHelper:217 - SQL Warning Code: 0, SQLState: 00000
2017-11-18 23:46:51 WARN  SqlExceptionHelper:218 - table "passwords" does not exist, skipping
2017-11-18 23:46:51 WARN  SqlExceptionHelper:217 - SQL Warning Code: 0, SQLState: 00000
2017-11-18 23:46:51 WARN  SqlExceptionHelper:218 - table "users" does not exist, skipping
2017-11-18 23:46:52 WARN  SqlExceptionHelper:217 - SQL Warning Code: 0, SQLState: 00000
2017-11-18 23:46:52 WARN  SqlExceptionHelper:218 - CREATE TABLE / PRIMARY KEY will create implicit index "business_pkey" for table "business"
2017-11-18 23:46:52 WARN  SqlExceptionHelper:217 - SQL Warning Code: 0, SQLState: 00000
2017-11-18 23:46:52 WARN  SqlExceptionHelper:218 - CREATE TABLE / PRIMARY KEY will create implicit index "passwords_pkey" for table "passwords"
2017-11-18 23:46:52 WARN  SqlExceptionHelper:217 - SQL Warning Code: 0, SQLState: 00000
2017-11-18 23:46:52 WARN  SqlExceptionHelper:218 - CREATE TABLE / PRIMARY KEY will create implicit index "users_pkey" for table "users"
2017-11-18 23:46:52 WARN  SqlExceptionHelper:217 - SQL Warning Code: 0, SQLState: 00000
2017-11-18 23:46:52 WARN  SqlExceptionHelper:218 - ALTER TABLE / ADD UNIQUE will create implicit index "ukiux1md4u299anfswe5uygdquv" for table "business"
2017-11-18 23:46:52 WARN  SqlExceptionHelper:217 - SQL Warning Code: 0, SQLState: 00000
2017-11-18 23:46:52 WARN  SqlExceptionHelper:218 - ALTER TABLE / ADD UNIQUE will create implicit index "uk_sdhnskquyxyiyymj9rqaly9ep" for table "business"
2017-11-18 23:46:52 WARN  SqlExceptionHelper:217 - SQL Warning Code: 0, SQLState: 00000
2017-11-18 23:46:52 WARN  SqlExceptionHelper:218 - ALTER TABLE / ADD UNIQUE will create implicit index "uk_2ft1lk6sniffnma6dvsrkjl3v" for table "business"
2017-11-18 23:46:52 WARN  SqlExceptionHelper:217 - SQL Warning Code: 0, SQLState: 00000
2017-11-18 23:46:52 WARN  SqlExceptionHelper:218 - ALTER TABLE / ADD UNIQUE will create implicit index "uk_9ov30plqxuskcotlq1qcbue4a" for table "users"
2017-11-18 23:46:52 INFO  SchemaCreatorImpl:481 - HHH000476: Executing import script 'org.hibernate.tool.schema.internal.exec.ScriptSourceInputNonExistentImpl@1c4ee95c'
2017-11-18 23:46:52 INFO  connections:235 - HHH10001008: Cleaning up connection pool [jdbc:postgresql://psql.wmi.amu.edu.pl/dbad_s426206?ssl=true&sslfactory=org.postgresql.ssl.NonValidatingFactory]
2017-11-18 23:49:34 DEBUG logging:38 - Logging Provider: org.jboss.logging.Log4jLoggerProvider
2017-11-18 23:49:34 INFO  LogHelper:31 - HHH000204: Processing PersistenceUnitInfo [
	name: hibernate-dynamic
	...]
2017-11-18 23:49:34 INFO  Version:37 - HHH000412: Hibernate Core {5.2.0.Final}
2017-11-18 23:49:34 INFO  Environment:213 - HHH000206: hibernate.properties not found
2017-11-18 23:49:34 INFO  Environment:318 - HHH000021: Bytecode provider name : javassist
2017-11-18 23:49:34 INFO  Version:66 - HCANN000001: Hibernate Commons Annotations {5.0.1.Final}
2017-11-18 23:49:35 WARN  connections:71 - HHH10001002: Using Hibernate built-in connection pool (not for production use!)
2017-11-18 23:49:35 INFO  connections:127 - HHH10001005: using driver [org.postgresql.Driver] at URL [jdbc:postgresql://psql.wmi.amu.edu.pl/dbad_s426206?ssl=true&sslfactory=org.postgresql.ssl.NonValidatingFactory]
2017-11-18 23:49:35 INFO  connections:136 - HHH10001001: Connection properties: {user=s426206, password=****}
2017-11-18 23:49:35 INFO  connections:141 - HHH10001003: Autocommit mode: false
2017-11-18 23:49:35 INFO  DriverManagerConnectionProviderImpl:39 - HHH000115: Hibernate connection pool size: 20 (min=1)
2017-11-18 23:49:35 INFO  Dialect:152 - HHH000400: Using dialect: org.hibernate.dialect.PostgreSQLDialect
2017-11-18 23:49:35 INFO  LobCreatorBuilderImpl:124 - HHH000424: Disabling contextual LOB creation as createClob() method threw error : java.lang.reflect.InvocationTargetException
2017-11-18 23:49:35 INFO  BasicTypeRegistry:147 - HHH000270: Type registration [java.util.UUID] overrides previous : org.hibernate.type.UUIDBinaryType@465232e9
2017-11-18 23:49:36 INFO  Version:17 - HV000001: Hibernate Validator 5.2.0.Final
2017-11-18 23:49:37 WARN  SqlExceptionHelper:217 - SQL Warning Code: 0, SQLState: 00000
2017-11-18 23:49:37 WARN  SqlExceptionHelper:218 - CREATE TABLE / PRIMARY KEY will create implicit index "business_pkey" for table "business"
2017-11-18 23:49:37 WARN  SqlExceptionHelper:217 - SQL Warning Code: 0, SQLState: 00000
2017-11-18 23:49:37 WARN  SqlExceptionHelper:218 - CREATE TABLE / PRIMARY KEY will create implicit index "passwords_pkey" for table "passwords"
2017-11-18 23:49:37 WARN  SqlExceptionHelper:217 - SQL Warning Code: 0, SQLState: 00000
2017-11-18 23:49:37 WARN  SqlExceptionHelper:218 - CREATE TABLE / PRIMARY KEY will create implicit index "users_pkey" for table "users"
2017-11-18 23:49:37 WARN  SqlExceptionHelper:217 - SQL Warning Code: 0, SQLState: 00000
2017-11-18 23:49:37 WARN  SqlExceptionHelper:218 - ALTER TABLE / ADD UNIQUE will create implicit index "ukiux1md4u299anfswe5uygdquv" for table "business"
2017-11-18 23:49:37 WARN  SqlExceptionHelper:217 - SQL Warning Code: 0, SQLState: 00000
2017-11-18 23:49:37 WARN  SqlExceptionHelper:218 - ALTER TABLE / ADD UNIQUE will create implicit index "uk_sdhnskquyxyiyymj9rqaly9ep" for table "business"
2017-11-18 23:49:37 WARN  SqlExceptionHelper:217 - SQL Warning Code: 0, SQLState: 00000
2017-11-18 23:49:37 WARN  SqlExceptionHelper:218 - ALTER TABLE / ADD UNIQUE will create implicit index "uk_2ft1lk6sniffnma6dvsrkjl3v" for table "business"
2017-11-18 23:49:37 WARN  SqlExceptionHelper:217 - SQL Warning Code: 0, SQLState: 00000
2017-11-18 23:49:37 WARN  SqlExceptionHelper:218 - ALTER TABLE / ADD UNIQUE will create implicit index "uk_9ov30plqxuskcotlq1qcbue4a" for table "users"
2017-11-18 23:49:37 INFO  SchemaCreatorImpl:481 - HHH000476: Executing import script 'org.hibernate.tool.schema.internal.exec.ScriptSourceInputNonExistentImpl@5aa360ea'
2017-11-18 23:49:38 INFO  connections:235 - HHH10001008: Cleaning up connection pool [jdbc:postgresql://psql.wmi.amu.edu.pl/dbad_s426206?ssl=true&sslfactory=org.postgresql.ssl.NonValidatingFactory]
